\BOOKMARK [0][-]{chapter*.2}{Resumen}{}% 1
\BOOKMARK [0][-]{chapter*.3}{Abstract}{}% 2
\BOOKMARK [0][-]{chapter*.4}{Abreviaciones}{}% 3
\BOOKMARK [0][-]{chapter.1}{Introducci\363n}{}% 4
\BOOKMARK [1][-]{section.1.1}{Motivaci\363n}{chapter.1}% 5
\BOOKMARK [2][-]{subsection.1.1.1}{TuErasmus}{section.1.1}% 6
\BOOKMARK [1][-]{section.1.2}{Becas Erasmus}{chapter.1}% 7
\BOOKMARK [2][-]{subsection.1.2.1}{\277Qu\351 es Erasmus?}{section.1.2}% 8
\BOOKMARK [2][-]{subsection.1.2.2}{\277Qu\351 hacer?}{section.1.2}% 9
\BOOKMARK [2][-]{subsection.1.2.3}{La experiencia Erasmus}{section.1.2}% 10
\BOOKMARK [1][-]{section.1.3}{Web 2.0}{chapter.1}% 11
\BOOKMARK [2][-]{subsection.1.3.1}{De las Web 1.0 a las Web 2.0}{section.1.3}% 12
\BOOKMARK [2][-]{subsection.1.3.2}{Web 1.0 vs Web 2.0}{section.1.3}% 13
\BOOKMARK [1][-]{section.1.4}{Herramientas colaborativas}{chapter.1}% 14
\BOOKMARK [1][-]{section.1.5}{Estructura de la memoria}{chapter.1}% 15
\BOOKMARK [0][-]{chapter.2}{Estado del arte}{}% 16
\BOOKMARK [1][-]{section.2.1}{Aplicaciones web}{chapter.2}% 17
\BOOKMARK [1][-]{section.2.2}{Django y Python}{chapter.2}% 18
\BOOKMARK [1][-]{section.2.3}{Tecnolog\355as web}{chapter.2}% 19
\BOOKMARK [2][-]{subsection.2.3.1}{Bootstrap}{section.2.3}% 20
\BOOKMARK [2][-]{subsection.2.3.2}{HTML5}{section.2.3}% 21
\BOOKMARK [2][-]{subsection.2.3.3}{CSS3}{section.2.3}% 22
\BOOKMARK [2][-]{subsection.2.3.4}{JavaScript}{section.2.3}% 23
\BOOKMARK [1][-]{section.2.4}{API Google Maps}{chapter.2}% 24
\BOOKMARK [1][-]{section.2.5}{Tecnolog\355as secundarias}{chapter.2}% 25
\BOOKMARK [2][-]{subsection.2.5.1}{Git}{section.2.5}% 26
\BOOKMARK [2][-]{subsection.2.5.2}{Alojamiento Web}{section.2.5}% 27
\BOOKMARK [0][-]{chapter.3}{Dise\361o e implementaci\363n}{}% 28
\BOOKMARK [1][-]{section.3.1}{Introducci\363n}{chapter.3}% 29
\BOOKMARK [1][-]{section.3.2}{Modelo de desarrollo}{chapter.3}% 30
\BOOKMARK [1][-]{section.3.3}{Objetivos}{chapter.3}% 31
\BOOKMARK [1][-]{section.3.4}{Etapas del desarrollo}{chapter.3}% 32
\BOOKMARK [2][-]{subsection.3.4.1}{Documentaci\363n}{section.3.4}% 33
\BOOKMARK [2][-]{subsection.3.4.2}{Dise\361o de la base de datos}{section.3.4}% 34
\BOOKMARK [2][-]{subsection.3.4.3}{Creaci\363n del registro de usuarios}{section.3.4}% 35
\BOOKMARK [2][-]{subsection.3.4.4}{Creaci\363n de perfiles de universidades}{section.3.4}% 36
\BOOKMARK [1][-]{section.3.5}{Arquitectura general}{chapter.3}% 37
\BOOKMARK [2][-]{subsection.3.5.1}{Navegaci\363n a trav\351s de los links del lateral derecho}{section.3.5}% 38
\BOOKMARK [2][-]{subsection.3.5.2}{Navegaci\363n por los botones de los perfiles de universidades}{section.3.5}% 39
\BOOKMARK [1][-]{section.3.6}{Conclusiones}{chapter.3}% 40
\BOOKMARK [0][-]{chapter.4}{Despliegue y resultados}{}% 41
\BOOKMARK [1][-]{section.4.1}{Despliegue de la aplicaci\363n}{chapter.4}% 42
\BOOKMARK [2][-]{subsection.4.1.1}{Primera prueba: Servidor local}{section.4.1}% 43
\BOOKMARK [2][-]{subsection.4.1.2}{Segunda prueba: Servidor local con acceso a Internet}{section.4.1}% 44
\BOOKMARK [2][-]{subsection.4.1.3}{Alojamiento web}{section.4.1}% 45
\BOOKMARK [1][-]{section.4.2}{Resultados de las pruebas}{chapter.4}% 46
\BOOKMARK [1][-]{section.4.3}{Problemas encontrados}{chapter.4}% 47
\BOOKMARK [0][-]{chapter.5}{Conclusiones finales}{}% 48
\BOOKMARK [1][-]{section.5.1}{Etapas del proyecto}{chapter.5}% 49
\BOOKMARK [1][-]{section.5.2}{Conocimiento adquirido}{chapter.5}% 50
\BOOKMARK [1][-]{section.5.3}{Objetivos conseguidos}{chapter.5}% 51
\BOOKMARK [2][-]{subsection.5.3.1}{Objetivo 1. Funcionalidad b\341sica de la aplicaci\363n web.}{section.5.3}% 52
\BOOKMARK [2][-]{subsection.5.3.2}{Objetivo 2. Usuarios de la aplicaci\363n web.}{section.5.3}% 53
\BOOKMARK [2][-]{subsection.5.3.3}{Objetivo 3. Bases de datos.}{section.5.3}% 54
\BOOKMARK [2][-]{subsection.5.3.4}{Objetivo 4. Aplicaci\363n web.}{section.5.3}% 55
\BOOKMARK [2][-]{subsection.5.3.5}{Objetivo 5. Hosting web}{section.5.3}% 56
\BOOKMARK [1][-]{section.5.4}{L\355neas futuras}{chapter.5}% 57
\BOOKMARK [1][-]{section.5.5}{Valoraci\363n personal}{chapter.5}% 58
\BOOKMARK [0][-]{Apéndice.1.Alph1}{Resultados de la encuesta}{}% 59
\BOOKMARK [0][-]{Apéndice.1.Alph2}{Publicaci\363n del c\363digo}{}% 60
\BOOKMARK [0][-]{Apéndice.1.Alph3}{Licencia Creative Commons}{}% 61
\BOOKMARK [1][-]{section.1.Alph3.1}{Definiciones}{Apéndice.1.Alph3}% 62
\BOOKMARK [1][-]{section.1.Alph3.2}{L\355mites de los derechos}{Apéndice.1.Alph3}% 63
\BOOKMARK [1][-]{section.1.Alph3.3}{Concesi\363n de licencia}{Apéndice.1.Alph3}% 64
\BOOKMARK [1][-]{section.1.Alph3.4}{Restricciones}{Apéndice.1.Alph3}% 65
\BOOKMARK [1][-]{section.1.Alph3.5}{Exoneraci\363n de responsabilidad}{Apéndice.1.Alph3}% 66
\BOOKMARK [1][-]{section.1.Alph3.6}{Limitaci\363n de responsabilidad}{Apéndice.1.Alph3}% 67
\BOOKMARK [1][-]{section.1.Alph3.7}{Finalizaci\363n de la licencia}{Apéndice.1.Alph3}% 68
\BOOKMARK [1][-]{section.1.Alph3.8}{Miscel\341nea}{Apéndice.1.Alph3}% 69
\BOOKMARK [1][-]{section.1.Alph3.9}{Aviso de Creative Commons}{Apéndice.1.Alph3}% 70
\BOOKMARK [0][-]{chapter*.63}{Bibliograf\355a}{}% 71
\BOOKMARK [0][-]{chapter*.64}{\315ndice de figuras}{}% 72
