This is pdfTeX, Version 3.1415926-2.5-1.40.14 (MiKTeX 2.9 64-bit) (preloaded format=pdflatex 2014.10.18)  1 DEC 2014 12:56
entering extended mode
**memoPFC.tex

(C:\Users\b.rnik\Desktop\MemoriaPFC_mem_conBibliografia_01122014v1220h\memoPFC.
tex
LaTeX2e <2011/06/27>
Babel <v3.8m> and hyphenation patterns for english, afrikaans, ancientgreek, ar
abic, armenian, assamese, basque, bengali, bokmal, bulgarian, catalan, coptic, 
croatian, czech, danish, dutch, esperanto, estonian, farsi, finnish, french, ga
lician, german, german-x-2013-05-26, greek, gujarati, hindi, hungarian, iceland
ic, indonesian, interlingua, irish, italian, kannada, kurmanji, latin, latvian,
 lithuanian, malayalam, marathi, mongolian, mongolianlmc, monogreek, ngerman, n
german-x-2013-05-26, nynorsk, oriya, panjabi, pinyin, polish, portuguese, roman
ian, russian, sanskrit, serbian, slovak, slovenian, spanish, swedish, swissgerm
an, tamil, telugu, turkish, turkmen, ukenglish, ukrainian, uppersorbian, usengl
ishmax, welsh, loaded.
("C:\Program Files\MiKTeX 2.9\tex\latex\base\book.cls"
Document Class: book 2007/10/19 v1.4h Standard LaTeX document class
("C:\Program Files\MiKTeX 2.9\tex\latex\base\bk11.clo"
File: bk11.clo 2007/10/19 v1.4h Standard LaTeX file (size option)
)
\c@part=\count79
\c@chapter=\count80
\c@section=\count81
\c@subsection=\count82
\c@subsubsection=\count83
\c@paragraph=\count84
\c@subparagraph=\count85
\c@figure=\count86
\c@table=\count87
\abovecaptionskip=\skip41
\belowcaptionskip=\skip42
\bibindent=\dimen102
)
("C:\Program Files\MiKTeX 2.9\tex\generic\babel\babel.sty"
Package: babel 2008/07/08 v3.8m The Babel package

*************************************
* Local config file bblopts.cfg used
*
("C:\Program Files\MiKTeX 2.9\tex\latex\00miktex\bblopts.cfg"
File: bblopts.cfg 2006/07/31 v1.0 MiKTeX 'babel' configuration
)
("C:\Program Files\MiKTeX 2.9\tex\generic\babel\spanish.ldf"
Language: spanish.ldf 2009/01/02 v5.0h Spanish support from the babel system

("C:\Program Files\MiKTeX 2.9\tex\generic\babel\babel.def"
File: babel.def 2008/07/08 v3.8m Babel common definitions
\babel@savecnt=\count88
\U@D=\dimen103
)
\es@datefmt=\count89
\es@quottoks=\toks14
\es@quotdepth=\count90
Package babel Info: Making " an active character on input line 492.
Package babel Info: Making . an active character on input line 585.
Package babel Info: Making < an active character on input line 630.
Package babel Info: Making > an active character on input line 630.
Package babel Info: Making ' an active character on input line 657.
))
("C:\Program Files\MiKTeX 2.9\tex\latex\base\inputenc.sty"
Package: inputenc 2008/03/30 v1.1d Input encoding file
\inpenc@prehook=\toks15
\inpenc@posthook=\toks16

("C:\Program Files\MiKTeX 2.9\tex\latex\base\latin1.def"
File: latin1.def 2008/03/30 v1.1d Input encoding file
))
("C:\Program Files\MiKTeX 2.9\tex\latex\base\fontenc.sty"
Package: fontenc 2005/09/27 v1.99g Standard LaTeX package

("C:\Program Files\MiKTeX 2.9\tex\latex\base\t1enc.def"
File: t1enc.def 2005/09/27 v1.99g Standard LaTeX file
LaTeX Font Info:    Redeclaring font encoding T1 on input line 43.
))
("C:\Program Files\MiKTeX 2.9\tex\latex\amsmath\amsmath.sty"
Package: amsmath 2013/01/14 v2.14 AMS math features
\@mathmargin=\skip43

For additional information on amsmath, use the `?' option.
("C:\Program Files\MiKTeX 2.9\tex\latex\amsmath\amstext.sty"
Package: amstext 2000/06/29 v2.01

("C:\Program Files\MiKTeX 2.9\tex\latex\amsmath\amsgen.sty"
File: amsgen.sty 1999/11/30 v2.0
\@emptytoks=\toks17
\ex@=\dimen104
))
("C:\Program Files\MiKTeX 2.9\tex\latex\amsmath\amsbsy.sty"
Package: amsbsy 1999/11/29 v1.2d
\pmbraise@=\dimen105
)
("C:\Program Files\MiKTeX 2.9\tex\latex\amsmath\amsopn.sty"
Package: amsopn 1999/12/14 v2.01 operator names
)
\inf@bad=\count91
LaTeX Info: Redefining \frac on input line 210.
\uproot@=\count92
\leftroot@=\count93
LaTeX Info: Redefining \overline on input line 306.
\classnum@=\count94
\DOTSCASE@=\count95
LaTeX Info: Redefining \ldots on input line 378.
LaTeX Info: Redefining \dots on input line 381.
LaTeX Info: Redefining \cdots on input line 466.
\Mathstrutbox@=\box26
\strutbox@=\box27
\big@size=\dimen106
LaTeX Font Info:    Redeclaring font encoding OML on input line 566.
LaTeX Font Info:    Redeclaring font encoding OMS on input line 567.
\macc@depth=\count96
\c@MaxMatrixCols=\count97
\dotsspace@=\muskip10
\c@parentequation=\count98
\dspbrk@lvl=\count99
\tag@help=\toks18
\row@=\count100
\column@=\count101
\maxfields@=\count102
\andhelp@=\toks19
\eqnshift@=\dimen107
\alignsep@=\dimen108
\tagshift@=\dimen109
\tagwidth@=\dimen110
\totwidth@=\dimen111
\lineht@=\dimen112
\@envbody=\toks20
\multlinegap=\skip44
\multlinetaggap=\skip45
\mathdisplay@stack=\toks21
LaTeX Info: Redefining \[ on input line 2665.
LaTeX Info: Redefining \] on input line 2666.
)
("C:\Program Files\MiKTeX 2.9\tex\latex\amsfonts\amsfonts.sty"
Package: amsfonts 2013/01/14 v3.01 Basic AMSFonts support
\symAMSa=\mathgroup4
\symAMSb=\mathgroup5
LaTeX Font Info:    Overwriting math alphabet `\mathfrak' in version `bold'
(Font)                  U/euf/m/n --> U/euf/b/n on input line 106.
)
("C:\Program Files\MiKTeX 2.9\tex\latex\amsfonts\amssymb.sty"
Package: amssymb 2013/01/14 v3.01 AMS font symbols
)
("C:\Program Files\MiKTeX 2.9\tex\latex\base\latexsym.sty"
Package: latexsym 1998/08/17 v2.2e Standard LaTeX package (lasy symbols)
\symlasy=\mathgroup6
LaTeX Font Info:    Overwriting symbol font `lasy' in version `bold'
(Font)                  U/lasy/m/n --> U/lasy/b/n on input line 47.
)
("C:\Program Files\MiKTeX 2.9\tex\latex\graphics\graphicx.sty"
Package: graphicx 1999/02/16 v1.0f Enhanced LaTeX Graphics (DPC,SPQR)

("C:\Program Files\MiKTeX 2.9\tex\latex\graphics\keyval.sty"
Package: keyval 1999/03/16 v1.13 key=value parser (DPC)
\KV@toks@=\toks22
)
("C:\Program Files\MiKTeX 2.9\tex\latex\graphics\graphics.sty"
Package: graphics 2009/02/05 v1.0o Standard LaTeX Graphics (DPC,SPQR)

("C:\Program Files\MiKTeX 2.9\tex\latex\graphics\trig.sty"
Package: trig 1999/03/16 v1.09 sin cos tan (DPC)
)
("C:\Program Files\MiKTeX 2.9\tex\latex\00miktex\graphics.cfg"
File: graphics.cfg 2007/01/18 v1.5 graphics configuration of teTeX/TeXLive
)
Package graphics Info: Driver file: pdftex.def on input line 91.

("C:\Program Files\MiKTeX 2.9\tex\latex\pdftex-def\pdftex.def"
File: pdftex.def 2011/05/27 v0.06d Graphics/color for pdfTeX

("C:\Program Files\MiKTeX 2.9\tex\generic\oberdiek\infwarerr.sty"
Package: infwarerr 2010/04/08 v1.3 Providing info/warning/error messages (HO)
)
("C:\Program Files\MiKTeX 2.9\tex\generic\oberdiek\ltxcmds.sty"
Package: ltxcmds 2011/11/09 v1.22 LaTeX kernel commands for general use (HO)
)
\Gread@gobject=\count103
))
\Gin@req@height=\dimen113
\Gin@req@width=\dimen114
)
("C:\Program Files\MiKTeX 2.9\tex\latex\hyperref\hyperref.sty"
Package: hyperref 2012/11/06 v6.83m Hypertext links for LaTeX

("C:\Program Files\MiKTeX 2.9\tex\generic\oberdiek\hobsub-hyperref.sty"
Package: hobsub-hyperref 2012/04/25 v1.12 Bundle oberdiek, subset hyperref (HO)


("C:\Program Files\MiKTeX 2.9\tex\generic\oberdiek\hobsub-generic.sty"
Package: hobsub-generic 2012/04/25 v1.12 Bundle oberdiek, subset generic (HO)
Package: hobsub 2012/04/25 v1.12 Construct package bundles (HO)
Package hobsub Info: Skipping package `infwarerr' (already loaded).
Package hobsub Info: Skipping package `ltxcmds' (already loaded).
Package: ifluatex 2010/03/01 v1.3 Provides the ifluatex switch (HO)
Package ifluatex Info: LuaTeX not detected.
Package: ifvtex 2010/03/01 v1.5 Detect VTeX and its facilities (HO)
Package ifvtex Info: VTeX not detected.
Package: intcalc 2007/09/27 v1.1 Expandable calculations with integers (HO)
Package: ifpdf 2011/01/30 v2.3 Provides the ifpdf switch (HO)
Package ifpdf Info: pdfTeX in PDF mode is detected.
Package: etexcmds 2011/02/16 v1.5 Avoid name clashes with e-TeX commands (HO)
Package etexcmds Info: Could not find \expanded.
(etexcmds)             That can mean that you are not using pdfTeX 1.50 or
(etexcmds)             that some package has redefined \expanded.
(etexcmds)             In the latter case, load this package earlier.
Package: kvsetkeys 2012/04/25 v1.16 Key value parser (HO)
Package: kvdefinekeys 2011/04/07 v1.3 Define keys (HO)
Package: pdftexcmds 2011/11/29 v0.20 Utility functions of pdfTeX for LuaTeX (HO
)
Package pdftexcmds Info: LuaTeX not detected.
Package pdftexcmds Info: \pdf@primitive is available.
Package pdftexcmds Info: \pdf@ifprimitive is available.
Package pdftexcmds Info: \pdfdraftmode found.
Package: pdfescape 2011/11/25 v1.13 Implements pdfTeX's escape features (HO)
Package: bigintcalc 2012/04/08 v1.3 Expandable calculations on big integers (HO
)
Package: bitset 2011/01/30 v1.1 Handle bit-vector datatype (HO)
Package: uniquecounter 2011/01/30 v1.2 Provide unlimited unique counter (HO)
)
Package hobsub Info: Skipping package `hobsub' (already loaded).
Package: letltxmacro 2010/09/02 v1.4 Let assignment for LaTeX macros (HO)
Package: hopatch 2011/06/24 v1.1 Wrapper for package hooks (HO)
Package: xcolor-patch 2011/01/30 xcolor patch
Package: atveryend 2011/06/30 v1.8 Hooks at the very end of document (HO)
Package atveryend Info: \enddocument detected (standard20110627).
Package: atbegshi 2011/10/05 v1.16 At begin shipout hook (HO)
Package: refcount 2011/10/16 v3.4 Data extraction from label references (HO)
Package: hycolor 2011/01/30 v1.7 Color options for hyperref/bookmark (HO)
)
("C:\Program Files\MiKTeX 2.9\tex\generic\ifxetex\ifxetex.sty"
Package: ifxetex 2010/09/12 v0.6 Provides ifxetex conditional
)
("C:\Program Files\MiKTeX 2.9\tex\latex\oberdiek\auxhook.sty"
Package: auxhook 2011/03/04 v1.3 Hooks for auxiliary files (HO)
)
("C:\Program Files\MiKTeX 2.9\tex\latex\oberdiek\kvoptions.sty"
Package: kvoptions 2011/06/30 v3.11 Key value format for package options (HO)
)
\@linkdim=\dimen115
\Hy@linkcounter=\count104
\Hy@pagecounter=\count105

("C:\Program Files\MiKTeX 2.9\tex\latex\hyperref\pd1enc.def"
File: pd1enc.def 2012/11/06 v6.83m Hyperref: PDFDocEncoding definition (HO)
)
\Hy@SavedSpaceFactor=\count106

("C:\Program Files\MiKTeX 2.9\tex\latex\00miktex\hyperref.cfg"
File: hyperref.cfg 2002/06/06 v1.2 hyperref configuration of TeXLive
)
Package hyperref Info: Option `colorlinks' set `false' on input line 4319.
Package hyperref Info: Hyper figures OFF on input line 4443.
Package hyperref Info: Link nesting OFF on input line 4448.
Package hyperref Info: Hyper index ON on input line 4451.
Package hyperref Info: Plain pages OFF on input line 4458.
Package hyperref Info: Backreferencing OFF on input line 4463.
Package hyperref Info: Implicit mode ON; LaTeX internals redefined.
Package hyperref Info: Bookmarks ON on input line 4688.
\c@Hy@tempcnt=\count107

("C:\Program Files\MiKTeX 2.9\tex\latex\url\url.sty"
\Urlmuskip=\muskip11
Package: url 2013/09/16  ver 3.4  Verb mode for urls, etc.
)
LaTeX Info: Redefining \url on input line 5041.
\XeTeXLinkMargin=\dimen116
\Fld@menulength=\count108
\Field@Width=\dimen117
\Fld@charsize=\dimen118
Package hyperref Info: Hyper figures OFF on input line 6295.
Package hyperref Info: Link nesting OFF on input line 6300.
Package hyperref Info: Hyper index ON on input line 6303.
Package hyperref Info: backreferencing OFF on input line 6310.
Package hyperref Info: Link coloring OFF on input line 6315.
Package hyperref Info: Link coloring with OCG OFF on input line 6320.
Package hyperref Info: PDF/A mode OFF on input line 6325.
LaTeX Info: Redefining \ref on input line 6365.
LaTeX Info: Redefining \pageref on input line 6369.
\Hy@abspage=\count109
\c@Item=\count110
\c@Hfootnote=\count111
)

Package hyperref Message: Driver (autodetected): hpdftex.

("C:\Program Files\MiKTeX 2.9\tex\latex\hyperref\hpdftex.def"
File: hpdftex.def 2012/11/06 v6.83m Hyperref driver for pdfTeX
\Fld@listcount=\count112
\c@bookmark@seq@number=\count113

("C:\Program Files\MiKTeX 2.9\tex\latex\oberdiek\rerunfilecheck.sty"
Package: rerunfilecheck 2011/04/15 v1.7 Rerun checks for auxiliary files (HO)
Package uniquecounter Info: New unique counter `rerunfilecheck' on input line 2
82.
)
\Hy@SectionHShift=\skip46
)
("C:\Program Files\MiKTeX 2.9\tex\latex\fancyhdr\fancyhdr.sty"
\fancy@headwidth=\skip47
\f@ncyO@elh=\skip48
\f@ncyO@erh=\skip49
\f@ncyO@olh=\skip50
\f@ncyO@orh=\skip51
\f@ncyO@elf=\skip52
\f@ncyO@erf=\skip53
\f@ncyO@olf=\skip54
\f@ncyO@orf=\skip55
)
("C:\Program Files\MiKTeX 2.9\tex\latex\caption\caption.sty"
Package: caption 2013/05/02 v3.3-89 Customizing captions (AR)

("C:\Program Files\MiKTeX 2.9\tex\latex\caption\caption3.sty"
Package: caption3 2013/05/02 v1.6-88 caption3 kernel (AR)
Package caption3 Info: TeX engine: e-TeX on input line 57.
\captionmargin=\dimen119
\captionmargin@=\dimen120
\captionwidth=\dimen121
\caption@tempdima=\dimen122
\caption@indent=\dimen123
\caption@parindent=\dimen124
\caption@hangindent=\dimen125
)
\c@ContinuedFloat=\count114
Package caption Info: hyperref package is loaded.
)
("C:\Program Files\MiKTeX 2.9\tex\latex\subfigure\subfigure.sty"
Package: subfigure 2002/07/30 v2.1.4 subfigure package
\subfigtopskip=\skip56
\subfigcapskip=\skip57
\subfigcaptopadj=\dimen126
\subfigbottomskip=\skip58
\subfigcapmargin=\dimen127
\subfiglabelskip=\skip59
\c@subfigure=\count115
\c@lofdepth=\count116
\c@subtable=\count117
\c@lotdepth=\count118

****************************************
* Local config file subfigure.cfg used *
****************************************
("C:\Program Files\MiKTeX 2.9\tex\latex\subfigure\subfigure.cfg")
\subfig@top=\skip60
\subfig@bottom=\skip61
)
("C:\Program Files\MiKTeX 2.9\tex\latex\appendix\appendix.sty"
Package: appendix 2009/09/02 v1.2b extra appendix facilities
\c@@pps=\count119
\c@@ppsavesec=\count120
\c@@ppsaveapp=\count121
)
(C:\Users\b.rnik\Desktop\MemoriaPFC_mem_conBibliografia_01122014v1220h\Estilo\E
stiloEnPreambulo.tex)
(C:\Users\b.rnik\Desktop\MemoriaPFC_mem_conBibliografia_01122014v1220h\memoPFC.
aux

LaTeX Warning: Label `fig:webs20' multiply defined.


LaTeX Warning: Label `SEC:Seccion1' multiply defined.


LaTeX Warning: Label `SEC:Seccion2' multiply defined.


LaTeX Warning: Label `SEC:Seccion3' multiply defined.


LaTeX Warning: Label `SEC:Seccion4' multiply defined.


LaTeX Warning: Label `fig:html5' multiply defined.

)
LaTeX Font Info:    Checking defaults for OML/cmm/m/it on input line 32.
LaTeX Font Info:    ... okay on input line 32.
LaTeX Font Info:    Checking defaults for T1/cmr/m/n on input line 32.
LaTeX Font Info:    ... okay on input line 32.
LaTeX Font Info:    Checking defaults for OT1/cmr/m/n on input line 32.
LaTeX Font Info:    ... okay on input line 32.
LaTeX Font Info:    Checking defaults for OMS/cmsy/m/n on input line 32.
LaTeX Font Info:    ... okay on input line 32.
LaTeX Font Info:    Checking defaults for OMX/cmex/m/n on input line 32.
LaTeX Font Info:    ... okay on input line 32.
LaTeX Font Info:    Checking defaults for U/cmr/m/n on input line 32.
LaTeX Font Info:    ... okay on input line 32.
LaTeX Font Info:    Checking defaults for PD1/pdf/m/n on input line 32.
LaTeX Font Info:    ... okay on input line 32.
 ("C:\Program Files\MiKTeX 2.9\tex\context\base\supp-pdf.mkii"
[Loading MPS to PDF converter (version 2006.09.02).]
\scratchcounter=\count122
\scratchdimen=\dimen128
\scratchbox=\box28
\nofMPsegments=\count123
\nofMParguments=\count124
\everyMPshowfont=\toks23
\MPscratchCnt=\count125
\MPscratchDim=\dimen129
\MPnumerator=\count126
\makeMPintoPDFobject=\count127
\everyMPtoPDFconversion=\toks24
)
\AtBeginShipoutBox=\box29
Package hyperref Info: Link coloring OFF on input line 32.
 ("C:\Program Files\MiKTeX 2.9\tex\latex\hyperref\nameref.sty"
Package: nameref 2012/10/27 v2.43 Cross-referencing by name of section

("C:\Program Files\MiKTeX 2.9\tex\generic\oberdiek\gettitlestring.sty"
Package: gettitlestring 2010/12/03 v1.4 Cleanup title references (HO)
)
\c@section@level=\count128
)
LaTeX Info: Redefining \ref on input line 32.
LaTeX Info: Redefining \pageref on input line 32.
LaTeX Info: Redefining \nameref on input line 32.

(C:\Users\b.rnik\Desktop\MemoriaPFC_mem_conBibliografia_01122014v1220h\memoPFC.
out)
(C:\Users\b.rnik\Desktop\MemoriaPFC_mem_conBibliografia_01122014v1220h\memoPFC.
out)
\@outlinefile=\write3
Package caption Info: Begin \AtBeginDocument code.
Package caption Info: subfigure package is loaded.
Package caption Info: End \AtBeginDocument code.

(C:\Users\b.rnik\Desktop\MemoriaPFC_mem_conBibliografia_01122014v1220h\Estilo\E
stiloEnDocumento.tex)
(C:\Users\b.rnik\Desktop\MemoriaPFC_mem_conBibliografia_01122014v1220h\General\
Portada.tex

pdfTeX warning: pdflatex.exe (file C:/Users/b.rnik/Desktop/MemoriaPFC_mem_conBi
bliografia_01122014v1220h/Figuras/LogoURJC.pdf): PDF inclusion: found PDF versi
on <1.6>, but at most version <1.5> allowed
<./Figuras/LogoURJC.pdf, id=291, 146.47624pt x 51.32574pt>
File: ./Figuras/LogoURJC.pdf Graphic file (type pdf)

<use ./Figuras/LogoURJC.pdf>
Package pdftex.def Info: ./Figuras/LogoURJC.pdf used on input line 3.
(pdftex.def)             Requested size: 170.71652pt x 59.82217pt.
LaTeX Font Info:    Try loading font information for U+msa on input line 16.

("C:\Program Files\MiKTeX 2.9\tex\latex\amsfonts\umsa.fd"
File: umsa.fd 2013/01/14 v3.01 AMS symbols A
)
LaTeX Font Info:    Try loading font information for U+msb on input line 16.

("C:\Program Files\MiKTeX 2.9\tex\latex\amsfonts\umsb.fd"
File: umsb.fd 2013/01/14 v3.01 AMS symbols B
)
LaTeX Font Info:    Try loading font information for U+lasy on input line 16.

("C:\Program Files\MiKTeX 2.9\tex\latex\base\ulasy.fd"
File: ulasy.fd 1998/08/17 v2.2e LaTeX symbol font definitions
) [1



{C:/ProgramData/MiKTeX/2.9/pdftex/config/pdftex.map} <C:/Users/b.rnik/Desktop/M
emoriaPFC_mem_conBibliografia_01122014v1220h/Figuras/LogoURJC.pdf>]) [2

]
(C:\Users\b.rnik\Desktop\MemoriaPFC_mem_conBibliografia_01122014v1220h\General\
Tribunal.tex
Underfull \hbox (badness 10000) in paragraph at lines 18--19

 []

) [3] [4

]
(C:\Users\b.rnik\Desktop\MemoriaPFC_mem_conBibliografia_01122014v1220h\General\
Licencia.tex
LaTeX Font Info:    Try loading font information for OMS+cmr on input line 2.
 ("C:\Program Files\MiKTeX 2.9\tex\latex\base\omscmr.fd"
File: omscmr.fd 1999/05/25 v2.5h Standard LaTeX font definitions
)
LaTeX Font Info:    Font shape `OMS/cmr/m/n' in size <10.95> not available
(Font)              Font shape `OMS/cmsy/m/n' tried instead on input line 2.
LaTeX Font Info:    Try loading font information for T1+cmtt on input line 14.

("C:\Program Files\MiKTeX 2.9\tex\latex\base\t1cmtt.fd"
File: t1cmtt.fd 1999/05/25 v2.5h Standard LaTeX font definitions
)) [5] [6

]
(C:\Users\b.rnik\Desktop\MemoriaPFC_mem_conBibliografia_01122014v1220h\General\
Dedicatoria.tex) [7] [8

]
(C:\Users\b.rnik\Desktop\MemoriaPFC_mem_conBibliografia_01122014v1220h\General\
Agradecimientos.tex) [9] [10

]
(C:\Users\b.rnik\Desktop\MemoriaPFC_mem_conBibliografia_01122014v1220h\memoPFC.
toc [11

] [12])
\tf@toc=\write4
 [13] [14

]
(C:\Users\b.rnik\Desktop\MemoriaPFC_mem_conBibliografia_01122014v1220h\General\
Resumen.tex
Underfull \hbox (badness 10000) in paragraph at lines 2--3

 []


Underfull \hbox (badness 10000) in paragraph at lines 4--5

 []


Underfull \hbox (badness 1117) in paragraph at lines 6--7
[]\T1/cmr/m/n/10.95 De es-ta ma-ne-ra sur-ge la idea de di-se-ñar y desa-rro-ll
ar una apli-ca-ción web,
 []


Underfull \hbox (badness 10000) in paragraph at lines 6--7

 []

)
Underfull \hbox (badness 10000) in paragraph at lines 8--75

 []

[15

] [16

]
(C:\Users\b.rnik\Desktop\MemoriaPFC_mem_conBibliografia_01122014v1220h\General\
Abstract.tex
Underfull \hbox (badness 10000) in paragraph at lines 2--3

 []


Underfull \hbox (badness 10000) in paragraph at lines 4--5

 []


Underfull \hbox (badness 10000) in paragraph at lines 6--7

 []

)
Underfull \hbox (badness 10000) in paragraph at lines 8--80

 []

[17

] [18

]
(C:\Users\b.rnik\Desktop\MemoriaPFC_mem_conBibliografia_01122014v1220h\General\
Abreviaciones.tex) [19

] [20

]
(C:\Users\b.rnik\Desktop\MemoriaPFC_mem_conBibliografia_01122014v1220h\General\
Cita.tex) [21] [22

]
(C:\Users\b.rnik\Desktop\MemoriaPFC_mem_conBibliografia_01122014v1220h\Capitulo
s\Introduccion.tex
Cap\IeC {\'\i }tulo 1.

Underfull \hbox (badness 10000) in paragraph at lines 2--3

 []


Underfull \hbox (badness 10000) in paragraph at lines 5--6

 []


Underfull \hbox (badness 10000) in paragraph at lines 8--9

 []

<./Figuras/tuerasmus.jpg, id=491, 451.6875pt x 125.71968pt>
File: ./Figuras/tuerasmus.jpg Graphic file (type jpg)

<use ./Figuras/tuerasmus.jpg>
Package pdftex.def Info: ./Figuras/tuerasmus.jpg used on input line 13.
(pdftex.def)             Requested size: 225.84319pt x 62.85968pt.

Underfull \hbox (badness 10000) in paragraph at lines 22--23

 []

[1


 <C:/Users/b.rnik/Desktop/MemoriaPFC_mem_conBibliografia_01122014v1220h/Figuras
/tuerasmus.jpg>]
Underfull \hbox (badness 10000) in paragraph at lines 25--26

 []


Underfull \hbox (badness 10000) in paragraph at lines 27--28

 []


Underfull \hbox (badness 10000) in paragraph at lines 30--31

 []


Underfull \hbox (badness 10000) in paragraph at lines 32--33

 []


Underfull \hbox (badness 10000) in paragraph at lines 34--35

 []

[2]
Underfull \hbox (badness 10000) in paragraph at lines 37--38

 []

<./Figuras/web20.jpg, id=506, 508.94366pt x 285.00845pt>
File: ./Figuras/web20.jpg Graphic file (type jpg)

<use ./Figuras/web20.jpg>
Package pdftex.def Info: ./Figuras/web20.jpg used on input line 42.
(pdftex.def)             Requested size: 254.4712pt x 142.50386pt.

Underfull \hbox (badness 10000) in paragraph at lines 49--51

 []


Underfull \hbox (badness 10000) in paragraph at lines 52--53

 []

[3 <C:/Users/b.rnik/Desktop/MemoriaPFC_mem_conBibliografia_01122014v1220h/Figur
as/web20.jpg>]
Underfull \hbox (badness 10000) in paragraph at lines 55--56

 []


Underfull \hbox (badness 10000) in paragraph at lines 57--58

 []


Underfull \hbox (badness 10000) in paragraph at lines 59--60

 []


Underfull \hbox (badness 10000) in paragraph at lines 61--62

 []


Underfull \hbox (badness 10000) in paragraph at lines 64--65

 []


Underfull \hbox (badness 10000) in paragraph at lines 66--67

 []

[4])
Underfull \hbox (badness 10000) in paragraph at lines 69--101

 []

[5] [6

]
(C:\Users\b.rnik\Desktop\MemoriaPFC_mem_conBibliografia_01122014v1220h\Capitulo
s\Estadodelarte.tex
Cap\IeC {\'\i }tulo 2.

Underfull \hbox (badness 10000) in paragraph at lines 2--3

 []

<./Figuras/appweb.jpg, id=530, 1304.875pt x 978.65625pt>
File: ./Figuras/appweb.jpg Graphic file (type jpg)

<use ./Figuras/appweb.jpg>
Package pdftex.def Info: ./Figuras/appweb.jpg used on input line 9.
(pdftex.def)             Requested size: 130.49513pt x 97.87135pt.

Underfull \hbox (badness 10000) in paragraph at lines 15--16

 []


Underfull \hbox (badness 10000) in paragraph at lines 17--18

 []


Underfull \hbox (badness 10000) in paragraph at lines 19--20

 []


Underfull \hbox (badness 10000) in paragraph at lines 23--24

 []

[7

 <C:/Users/b.rnik/Desktop/MemoriaPFC_mem_conBibliografia_01122014v1220h/Figuras
/appweb.jpg>]
<./Figuras/djangoypythonlogo.jpg, id=536, 210.7875pt x 210.7875pt>
File: ./Figuras/djangoypythonlogo.jpg Graphic file (type jpg)

<use ./Figuras/djangoypythonlogo.jpg>
Package pdftex.def Info: ./Figuras/djangoypythonlogo.jpg used on input line 28.

(pdftex.def)             Requested size: 63.23672pt x 63.23672pt.

Underfull \hbox (badness 10000) in paragraph at lines 34--35

 []


Underfull \hbox (badness 10000) in paragraph at lines 36--37

 []


Underfull \hbox (badness 10000) in paragraph at lines 38--39

 []


Underfull \hbox (badness 10000) in paragraph at lines 41--42

 []


Underfull \hbox (badness 10000) in paragraph at lines 43--44

 []

[8 <C:/Users/b.rnik/Desktop/MemoriaPFC_mem_conBibliografia_01122014v1220h/Figur
as/djangoypythonlogo.jpg>]
Underfull \hbox (badness 10000) in paragraph at lines 60--61

 []


Underfull \hbox (badness 10000) in paragraph at lines 62--63

 []


Underfull \hbox (badness 10000) in paragraph at lines 66--67

 []

[9] <./Figuras/bootstraplogo.jpg, id=552, 152.57pt x 148.555pt>
File: ./Figuras/bootstraplogo.jpg Graphic file (type jpg)

<use ./Figuras/bootstraplogo.jpg>
Package pdftex.def Info: ./Figuras/bootstraplogo.jpg used on input line 73.
(pdftex.def)             Requested size: 76.2848pt x 74.27731pt.

Underfull \hbox (badness 10000) in paragraph at lines 79--80

 []


Underfull \hbox (badness 10000) in paragraph at lines 81--82

 []

[10 <C:/Users/b.rnik/Desktop/MemoriaPFC_mem_conBibliografia_01122014v1220h/Figu
ras/bootstraplogo.jpg>]
Underfull \hbox (badness 10000) in paragraph at lines 96--97

 []

<./Figuras/html5logo.png, id=559, 513.92pt x 513.92pt>
File: ./Figuras/html5logo.png Graphic file (type png)

<use ./Figuras/html5logo.png>
Package pdftex.def Info: ./Figuras/html5logo.png used on input line 101.
(pdftex.def)             Requested size: 102.78217pt x 102.78217pt.

Underfull \hbox (badness 10000) in paragraph at lines 107--108

 []


Underfull \hbox (badness 10000) in paragraph at lines 109--110

 []

[11 <C:/Users/b.rnik/Desktop/MemoriaPFC_mem_conBibliografia_01122014v1220h/Figu
ras/html5logo.png>] <./Figuras/css3logo.png, id=568, 301.125pt x 301.125pt>
File: ./Figuras/css3logo.png Graphic file (type png)

<use ./Figuras/css3logo.png>
Package pdftex.def Info: ./Figuras/css3logo.png used on input line 130.
(pdftex.def)             Requested size: 90.33818pt x 90.33818pt.

Underfull \hbox (badness 10000) in paragraph at lines 136--137

 []


Underfull \hbox (badness 10000) in paragraph at lines 138--139

 []

<./Figuras/javaScriptlogo.png, id=569, 451.6875pt x 451.6875pt>
File: ./Figuras/javaScriptlogo.png Graphic file (type png)

<use ./Figuras/javaScriptlogo.png>
Package pdftex.def Info: ./Figuras/javaScriptlogo.png used on input line 145.
(pdftex.def)             Requested size: 135.5073pt x 135.5073pt.

Underfull \hbox (badness 10000) in paragraph at lines 151--152

 []

[12 <C:/Users/b.rnik/Desktop/MemoriaPFC_mem_conBibliografia_01122014v1220h/Figu
ras/css3logo.png> <C:/Users/b.rnik/Desktop/MemoriaPFC_mem_conBibliografia_01122
014v1220h/Figuras/javaScriptlogo.png>]
Underfull \hbox (badness 10000) in paragraph at lines 153--154

 []


Underfull \hbox (badness 10000) in paragraph at lines 155--156

 []


Underfull \hbox (badness 10000) in paragraph at lines 157--158

 []


Underfull \hbox (badness 10000) in paragraph at lines 159--160

 []

<./Figuras/apigmaps.png, id=578, 301.125pt x 301.125pt>
File: ./Figuras/apigmaps.png Graphic file (type png)

<use ./Figuras/apigmaps.png>
Package pdftex.def Info: ./Figuras/apigmaps.png used on input line 165.
(pdftex.def)             Requested size: 90.33818pt x 90.33818pt.

Underfull \hbox (badness 10000) in paragraph at lines 170--171

 []


Underfull \hbox (badness 10000) in paragraph at lines 172--173

 []

[13 <C:/Users/b.rnik/Desktop/MemoriaPFC_mem_conBibliografia_01122014v1220h/Figu
ras/apigmaps.png>]
Underfull \hbox (badness 10000) in paragraph at lines 175--176

 []


Underfull \hbox (badness 10000) in paragraph at lines 177--178

 []


Underfull \hbox (badness 10000) in paragraph at lines 181--182

 []

<./Figuras/gitlogo.png, id=586, 219.219pt x 91.542pt>
File: ./Figuras/gitlogo.png Graphic file (type png)

<use ./Figuras/gitlogo.png>
Package pdftex.def Info: ./Figuras/gitlogo.png used on input line 187.
(pdftex.def)             Requested size: 109.60922pt x 45.77089pt.

Underfull \hbox (badness 10000) in paragraph at lines 192--193

 []


Underfull \hbox (badness 10000) in paragraph at lines 196--197

 []

[14 <C:/Users/b.rnik/Desktop/MemoriaPFC_mem_conBibliografia_01122014v1220h/Figu
ras/gitlogo.png>]
Underfull \hbox (badness 10000) in paragraph at lines 214--215

 []


Underfull \hbox (badness 10000) in paragraph at lines 216--217

 []

[15]
Underfull \hbox (badness 10000) in paragraph at lines 218--219

 []

<./Figuras/alwaysdatalogo.jpg, id=603, 250.9375pt x 53.19875pt>
File: ./Figuras/alwaysdatalogo.jpg Graphic file (type jpg)

<use ./Figuras/alwaysdatalogo.jpg>
Package pdftex.def Info: ./Figuras/alwaysdatalogo.jpg used on input line 232.
(pdftex.def)             Requested size: 125.46843pt x 26.5993pt.

Underfull \hbox (badness 10000) in paragraph at lines 237--238

 []

) [16 <C:/Users/b.rnik/Desktop/MemoriaPFC_mem_conBibliografia_01122014v1220h/Fi
guras/alwaysdatalogo.jpg>]
(C:\Users\b.rnik\Desktop\MemoriaPFC_mem_conBibliografia_01122014v1220h\Capitulo
s\Disenoimplementacion.tex
Cap\IeC {\'\i }tulo 3.

Underfull \hbox (badness 10000) in paragraph at lines 2--3

 []


Underfull \hbox (badness 10000) in paragraph at lines 5--6

 []


Underfull \hbox (badness 10000) in paragraph at lines 7--8

 []

<./Figuras/ingenieriadelsw.jpg, id=611, 292.09125pt x 173.64874pt>
File: ./Figuras/ingenieriadelsw.jpg Graphic file (type jpg)

<use ./Figuras/ingenieriadelsw.jpg>
Package pdftex.def Info: ./Figuras/ingenieriadelsw.jpg used on input line 12.
(pdftex.def)             Requested size: 146.04526pt x 86.82416pt.

Underfull \hbox (badness 10000) in paragraph at lines 18--19

 []

[17


 <C:/Users/b.rnik/Desktop/MemoriaPFC_mem_conBibliografia_01122014v1220h/Figuras
/ingenieriadelsw.jpg>]
Underfull \hbox (badness 10000) in paragraph at lines 21--22

 []


Underfull \hbox (badness 10000) in paragraph at lines 37--38

 []


Underfull \hbox (badness 10000) in paragraph at lines 39--40

 []

[18]
Underfull \hbox (badness 10000) in paragraph at lines 42--43

 []


Underfull \hbox (badness 10000) in paragraph at lines 45--46

 []

! Undefined control sequence.
l.47 ...s que compond\'ian la aplicaci\'on web, \Â
                                                  ¿cu\'ales ser\'ian las p\'...
The control sequence at the end of the top line
of your error message was never \def'ed. If you have
misspelled it (e.g., `\hobx'), type `I' and the correct
spelling (e.g., `I\hbox'). Otherwise just continue,
and I'll forget about whatever was undefined.

! Undefined control sequence.
l.47 ...ales ser\'ian las p\'aginas p\'ublicas? \Â
                                                  ¿cu\'ales ser\'ian las p\'...
The control sequence at the end of the top line
of your error message was never \def'ed. If you have
misspelled it (e.g., `\hobx'), type `I' and the correct
spelling (e.g., `I\hbox'). Otherwise just continue,
and I'll forget about whatever was undefined.

! Undefined control sequence.
l.47 ...\'ales ser\'ian las p\'aginas privadas? \Â
                                                  ¿qu\'e tipo de informaci\'...
The control sequence at the end of the top line
of your error message was never \def'ed. If you have
misspelled it (e.g., `\hobx'), type `I' and the correct
spelling (e.g., `I\hbox'). Otherwise just continue,
and I'll forget about whatever was undefined.

! Undefined control sequence.
l.47 ...po de informaci\'on se iba a gestionar? \Â
                                                  ¿a qu\'e tipo de usuarios ...
The control sequence at the end of the top line
of your error message was never \def'ed. If you have
misspelled it (e.g., `\hobx'), type `I' and the correct
spelling (e.g., `I\hbox'). Otherwise just continue,
and I'll forget about whatever was undefined.


Underfull \hbox (badness 10000) in paragraph at lines 47--48

 []


Underfull \hbox (badness 10000) in paragraph at lines 49--50

 []

[19]
Underfull \hbox (badness 10000) in paragraph at lines 64--65

 []


Underfull \hbox (badness 10000) in paragraph at lines 66--67

 []


Underfull \hbox (badness 10000) in paragraph at lines 69--70

 []


Underfull \hbox (badness 10000) in paragraph at lines 71--72

 []


Underfull \hbox (badness 10000) in paragraph at lines 73--74

 []


Underfull \hbox (badness 10000) in paragraph at lines 75--76

 []

[20]
Underfull \hbox (badness 10000) in paragraph at lines 77--78

 []


Underfull \hbox (badness 1194) in paragraph at lines 80--81
\T1/cmr/bx/n/10.95 TuErasmus \T1/cmr/m/n/10.95 iba to-man-do la for-ma de una c
o-mu-ni-dad de es-tu-dian-tes eras-mus.
 []


Underfull \hbox (badness 10000) in paragraph at lines 80--81

 []


<./Figuras/tuerasmusPages/publicPages/register.png, id=635, 634.62094pt x 496.1
0344pt>
File: ./Figuras/tuerasmusPages/publicPages/register.png Graphic file (type png)

 <use ./Figuras/tuerasmusPages/publicPages/register.png>
Package pdftex.def Info: ./Figuras/tuerasmusPages/publicPages/register.png used
 on input line 85.
(pdftex.def)             Requested size: 317.3097pt x 248.0511pt.

Underfull \hbox (badness 10000) in paragraph at lines 91--92

 []


<./Figuras/tuerasmusPages/publicPages/errorRegister.png, id=636, 577.40718pt x 
505.13719pt>
File: ./Figuras/tuerasmusPages/publicPages/errorRegister.png Graphic file (type
 png)
 <use ./Figuras/tuerasmusPages/publicPages/errorRegister.png>
Package pdftex.def Info: ./Figuras/tuerasmusPages/publicPages/errorRegister.png
 used on input line 96.
(pdftex.def)             Requested size: 288.70288pt x 252.56798pt.

<./Figuras/tuerasmusPages/publicPages/successRegister.png, id=637, 575.90157pt 
x 464.4853pt>
File: ./Figuras/tuerasmusPages/publicPages/successRegister.png Graphic file (ty
pe png)
 <use ./Figuras/tuerasmusPages/publicPages/successRegister.png>
Package pdftex.def Info: ./Figuras/tuerasmusPages/publicPages/successRegister.p
ng used on input line 105.
(pdftex.def)             Requested size: 287.95007pt x 232.24208pt.

Underfull \hbox (badness 10000) in paragraph at lines 111--112

 []


<./Figuras/tuerasmusPages/privatePages/myProfile.png, id=638, 601.4972pt x 465.
99094pt>
File: ./Figuras/tuerasmusPages/privatePages/myProfile.png Graphic file (type pn
g)
 <use ./Figuras/tuerasmusPages/privatePages/myProfile.png>
Package pdftex.def Info: ./Figuras/tuerasmusPages/privatePages/myProfile.png us
ed on input line 116.
(pdftex.def)             Requested size: 300.74786pt x 232.99489pt.

<./Figuras/tuerasmusPages/privatePages/editProfile.png, id=639, 610.53094pt x 5
05.13719pt>
File: ./Figuras/tuerasmusPages/privatePages/editProfile.png Graphic file (type 
png)
 <use ./Figuras/tuerasmusPages/privatePages/editProfile.png>
Package pdftex.def Info: ./Figuras/tuerasmusPages/privatePages/editProfile.png 
used on input line 125.
(pdftex.def)             Requested size: 305.26472pt x 252.56798pt.

Underfull \hbox (badness 10000) in paragraph at lines 131--132

 []

[21 <C:/Users/b.rnik/Desktop/MemoriaPFC_mem_conBibliografia_01122014v1220h/Figu
ras/tuerasmusPages/publicPages/register.png>] [22 <C:/Users/b.rnik/Desktop/Memo
riaPFC_mem_conBibliografia_01122014v1220h/Figuras/tuerasmusPages/publicPages/er
rorRegister.png> <C:/Users/b.rnik/Desktop/MemoriaPFC_mem_conBibliografia_011220
14v1220h/Figuras/tuerasmusPages/publicPages/successRegister.png>] [23 <C:/Users
/b.rnik/Desktop/MemoriaPFC_mem_conBibliografia_01122014v1220h/Figuras/tuerasmus
Pages/privatePages/myProfile.png> <C:/Users/b.rnik/Desktop/MemoriaPFC_mem_conBi
bliografia_01122014v1220h/Figuras/tuerasmusPages/privatePages/editProfile.png>]

Underfull \hbox (badness 10000) in paragraph at lines 134--135

 []


<./Figuras/tuerasmusPages/privatePages/uniRegister.png, id=658, 441.90094pt x 3
77.15906pt>
File: ./Figuras/tuerasmusPages/privatePages/uniRegister.png Graphic file (type 
png)
 <use ./Figuras/tuerasmusPages/privatePages/uniRegister.png>
Package pdftex.def Info: ./Figuras/tuerasmusPages/privatePages/uniRegister.png 
used on input line 139.
(pdftex.def)             Requested size: 176.75723pt x 150.86095pt.

Underfull \hbox (badness 10000) in paragraph at lines 145--146

 []


<./Figuras/tuerasmusPages/privatePages/formBasic.png, id=661, 447.92343pt x 490
.08093pt>
File: ./Figuras/tuerasmusPages/privatePages/formBasic.png Graphic file (type pn
g)
 <use ./Figuras/tuerasmusPages/privatePages/formBasic.png>
Package pdftex.def Info: ./Figuras/tuerasmusPages/privatePages/formBasic.png us
ed on input line 150.
(pdftex.def)             Requested size: 179.1662pt x 196.0289pt.

<./Figuras/tuerasmusPages/privatePages/formInfo.png, id=662, 438.8897pt x 502.1
2593pt>
File: ./Figuras/tuerasmusPages/privatePages/formInfo.png Graphic file (type png
)
 <use ./Figuras/tuerasmusPages/privatePages/formInfo.png>
Package pdftex.def Info: ./Figuras/tuerasmusPages/privatePages/formInfo.png use
d on input line 159.
(pdftex.def)             Requested size: 175.55276pt x 200.84682pt.

Underfull \hbox (badness 10000) in paragraph at lines 166--167

 []

[24 <C:/Users/b.rnik/Desktop/MemoriaPFC_mem_conBibliografia_01122014v1220h/Figu
ras/tuerasmusPages/privatePages/uniRegister.png> <C:/Users/b.rnik/Desktop/Memor
iaPFC_mem_conBibliografia_01122014v1220h/Figuras/tuerasmusPages/privatePages/fo
rmBasic.png>]
<./Figuras/tuerasmusPages/navbar.png, id=674, 867.99281pt x 37.64063pt>
File: ./Figuras/tuerasmusPages/navbar.png Graphic file (type png)

<use ./Figuras/tuerasmusPages/navbar.png>
Package pdftex.def Info: ./Figuras/tuerasmusPages/navbar.png used on input line
 172.
(pdftex.def)             Requested size: 347.19098pt x 15.05597pt.

<./Figuras/tuerasmusPages/publicPages/index.png, id=676, 560.8453pt x 385.44pt>
File: ./Figuras/tuerasmusPages/publicPages/index.png Graphic file (type png)
<use ./Figuras/tuerasmusPages/publicPages/index.png>
Package pdftex.def Info: ./Figuras/tuerasmusPages/publicPages/index.png used on
 input line 182.
(pdftex.def)             Requested size: 280.42197pt x 192.71953pt.

<./Figuras/tuerasmusPages/publicPages/howto.png, id=678, 539.01375pt x 334.2487
5pt>
File: ./Figuras/tuerasmusPages/publicPages/howto.png Graphic file (type png)
 <use ./Figuras/tuerasmusPages/publicPages/howto.png>
Package pdftex.def Info: ./Figuras/tuerasmusPages/publicPages/howto.png used on
 input line 192.
(pdftex.def)             Requested size: 269.50621pt x 167.12396pt.

<./Figuras/tuerasmusPages/publicPages/erasmusurjc.png, id=680, 554.07pt x 405.7
6593pt>
File: ./Figuras/tuerasmusPages/publicPages/erasmusurjc.png Graphic file (type p
ng)
 <use ./Figuras/tuerasmusPages/publicPages/erasmusurjc.png>
Package pdftex.def Info: ./Figuras/tuerasmusPages/publicPages/erasmusurjc.png u
sed on input line 202.
(pdftex.def)             Requested size: 277.03432pt x 202.88246pt.

Underfull \hbox (badness 10000) in paragraph at lines 208--209

 []


<./Figuras/tuerasmusPages/privatePages/home.png, id=682, 446.41782pt x 472.0134
4pt>
File: ./Figuras/tuerasmusPages/privatePages/home.png Graphic file (type png)
 <use ./Figuras/tuerasmusPages/privatePages/home.png>
Package pdftex.def Info: ./Figuras/tuerasmusPages/privatePages/home.png used on
 input line 213.
(pdftex.def)             Requested size: 223.20836pt x 236.00613pt.
 [25 <C:/Users/b.rnik/Desktop/MemoriaPFC_mem_conBibliografia_01122014v1220h/Fig
uras/tuerasmusPages/privatePages/formInfo.png> <C:/Users/b.rnik/Desktop/Memoria
PFC_mem_conBibliografia_01122014v1220h/Figuras/tuerasmusPages/navbar.png>] [26 
<C:/Users/b.rnik/Desktop/MemoriaPFC_mem_conBibliografia_01122014v1220h/Figuras/
tuerasmusPages/publicPages/index.png> <C:/Users/b.rnik/Desktop/MemoriaPFC_mem_c
onBibliografia_01122014v1220h/Figuras/tuerasmusPages/publicPages/howto.png> <C:
/Users/b.rnik/Desktop/MemoriaPFC_mem_conBibliografia_01122014v1220h/Figuras/tue
rasmusPages/publicPages/erasmusurjc.png>]
Underfull \hbox (badness 10000) in paragraph at lines 219--220

 []


<./Figuras/tuerasmusPages/privatePages/navbarSup.png, id=704, 352.31625pt x 17.
31468pt>
File: ./Figuras/tuerasmusPages/privatePages/navbarSup.png Graphic file (type pn
g)
 <use ./Figuras/tuerasmusPages/privatePages/navbarSup.png>
Package pdftex.def Info: ./Figuras/tuerasmusPages/privatePages/navbarSup.png us
ed on input line 224.
(pdftex.def)             Requested size: 176.15768pt x 8.6573pt.

<./Figuras/tuerasmusPages/privatePages/navbarDch.png, id=705, 88.07906pt x 122.
70844pt>
File: ./Figuras/tuerasmusPages/privatePages/navbarDch.png Graphic file (type pn
g)
 <use ./Figuras/tuerasmusPages/privatePages/navbarDch.png>
Package pdftex.def Info: ./Figuras/tuerasmusPages/privatePages/navbarDch.png us
ed on input line 232.
(pdftex.def)             Requested size: 44.03941pt x 61.35406pt.

<./Figuras/tuerasmusPages/privatePages/navbarCen.png, id=706, 204.01219pt x 24.
09pt>
File: ./Figuras/tuerasmusPages/privatePages/navbarCen.png Graphic file (type pn
g)
 <use ./Figuras/tuerasmusPages/privatePages/navbarCen.png>
Package pdftex.def Info: ./Figuras/tuerasmusPages/privatePages/navbarCen.png us
ed on input line 240.
(pdftex.def)             Requested size: 142.80756pt x 16.86287pt.

Underfull \hbox (badness 10000) in paragraph at lines 247--248

 []


Underfull \vbox (badness 7832) has occurred while \output is active []

 [27 <C:/Users/b.rnik/Desktop/MemoriaPFC_mem_conBibliografia_01122014v1220h/Fig
uras/tuerasmusPages/privatePages/home.png> <C:/Users/b.rnik/Desktop/MemoriaPFC_
mem_conBibliografia_01122014v1220h/Figuras/tuerasmusPages/privatePages/navbarSu
p.png> <C:/Users/b.rnik/Desktop/MemoriaPFC_mem_conBibliografia_01122014v1220h/F
iguras/tuerasmusPages/privatePages/navbarDch.png>]
Underfull \hbox (badness 10000) in paragraph at lines 249--250

 []


Underfull \hbox (badness 10000) in paragraph at lines 251--252

 []


<./Figuras/tuerasmusPages/privatePages/myErasmus.png, id=726, 586.44093pt x 387
.69844pt>
File: ./Figuras/tuerasmusPages/privatePages/myErasmus.png Graphic file (type pn
g)
 <use ./Figuras/tuerasmusPages/privatePages/myErasmus.png>
Package pdftex.def Info: ./Figuras/tuerasmusPages/privatePages/myErasmus.png us
ed on input line 256.
(pdftex.def)             Requested size: 293.21974pt x 193.84874pt.

<./Figuras/tuerasmusPages/privatePages/losErasmus.png, id=727, 587.19376pt x 43
0.60875pt>
File: ./Figuras/tuerasmusPages/privatePages/losErasmus.png Graphic file (type p
ng)
 <use ./Figuras/tuerasmusPages/privatePages/losErasmus.png>
Package pdftex.def Info: ./Figuras/tuerasmusPages/privatePages/losErasmus.png u
sed on input line 264.
(pdftex.def)             Requested size: 293.59616pt x 215.30383pt.

<./Figuras/tuerasmusPages/privatePages/myUniversity.png, id=728, 582.67688pt x 
320.69812pt>
File: ./Figuras/tuerasmusPages/privatePages/myUniversity.png Graphic file (type
 png)
 <use ./Figuras/tuerasmusPages/privatePages/myUniversity.png>
Package pdftex.def Info: ./Figuras/tuerasmusPages/privatePages/myUniversity.png
 used on input line 272.
(pdftex.def)             Requested size: 291.33772pt x 160.34866pt.

<./Figuras/tuerasmusPages/privatePages/universities.png, id=729, 587.94656pt x 
328.97906pt>
File: ./Figuras/tuerasmusPages/privatePages/universities.png Graphic file (type
 png)
 <use ./Figuras/tuerasmusPages/privatePages/universities.png>
Package pdftex.def Info: ./Figuras/tuerasmusPages/privatePages/universities.png
 used on input line 280.
(pdftex.def)             Requested size: 235.17445pt x 131.5893pt.

<./Figuras/tuerasmusPages/privatePages/asignaturas.png, id=730, 581.17125pt x 3
16.93407pt>
File: ./Figuras/tuerasmusPages/privatePages/asignaturas.png Graphic file (type 
png)
 <use ./Figuras/tuerasmusPages/privatePages/asignaturas.png>
Package pdftex.def Info: ./Figuras/tuerasmusPages/privatePages/asignaturas.png 
used on input line 288.
(pdftex.def)             Requested size: 232.46437pt x 126.77138pt.

<./Figuras/tuerasmusPages/privatePages/ciudades.png, id=731, 585.68813pt x 335.
75438pt>
File: ./Figuras/tuerasmusPages/privatePages/ciudades.png Graphic file (type png
)
 <use ./Figuras/tuerasmusPages/privatePages/ciudades.png>
Package pdftex.def Info: ./Figuras/tuerasmusPages/privatePages/ciudades.png use
d on input line 296.
(pdftex.def)             Requested size: 234.27109pt x 134.29936pt.

<./Figuras/tuerasmusPages/privatePages/residencias.png, id=732, 596.98032pt x 3
55.3275pt>
File: ./Figuras/tuerasmusPages/privatePages/residencias.png Graphic file (type 
png)
 <use ./Figuras/tuerasmusPages/privatePages/residencias.png>
Package pdftex.def Info: ./Figuras/tuerasmusPages/privatePages/residencias.png 
used on input line 304.
(pdftex.def)             Requested size: 238.78789pt x 142.12846pt.

Underfull \hbox (badness 10000) in paragraph at lines 311--312

 []


Underfull \vbox (badness 10000) has occurred while \output is active []

 [28 <C:/Users/b.rnik/Desktop/MemoriaPFC_mem_conBibliografia_01122014v1220h/Fig
uras/tuerasmusPages/privatePages/navbarCen.png> <C:/Users/b.rnik/Desktop/Memori
aPFC_mem_conBibliografia_01122014v1220h/Figuras/tuerasmusPages/privatePages/myE
rasmus.png>] [29 <C:/Users/b.rnik/Desktop/MemoriaPFC_mem_conBibliografia_011220
14v1220h/Figuras/tuerasmusPages/privatePages/losErasmus.png> <C:/Users/b.rnik/D
esktop/MemoriaPFC_mem_conBibliografia_01122014v1220h/Figuras/tuerasmusPages/pri
vatePages/myUniversity.png> <C:/Users/b.rnik/Desktop/MemoriaPFC_mem_conBibliogr
afia_01122014v1220h/Figuras/tuerasmusPages/privatePages/universities.png>] [30 
<C:/Users/b.rnik/Desktop/MemoriaPFC_mem_conBibliografia_01122014v1220h/Figuras/
tuerasmusPages/privatePages/asignaturas.png> <C:/Users/b.rnik/Desktop/MemoriaPF
C_mem_conBibliografia_01122014v1220h/Figuras/tuerasmusPages/privatePages/ciudad
es.png> <C:/Users/b.rnik/Desktop/MemoriaPFC_mem_conBibliografia_01122014v1220h/
Figuras/tuerasmusPages/privatePages/residencias.png>]
Underfull \hbox (badness 10000) in paragraph at lines 313--314

 []


<./Figuras/tuerasmusPages/privatePages/uniProfile.png, id=768, 438.8897pt x 503
.63156pt>
File: ./Figuras/tuerasmusPages/privatePages/uniProfile.png Graphic file (type p
ng)
 <use ./Figuras/tuerasmusPages/privatePages/uniProfile.png>
Package pdftex.def Info: ./Figuras/tuerasmusPages/privatePages/uniProfile.png u
sed on input line 318.
(pdftex.def)             Requested size: 307.22069pt x 352.53969pt.

<./Figuras/tuerasmusPages/privatePages/uniInfo.png, id=769, 446.41782pt x 503.6
3156pt>
File: ./Figuras/tuerasmusPages/privatePages/uniInfo.png Graphic file (type png)

 <use ./Figuras/tuerasmusPages/privatePages/uniInfo.png>
Package pdftex.def Info: ./Figuras/tuerasmusPages/privatePages/uniInfo.png used
 on input line 326.
(pdftex.def)             Requested size: 223.20836pt x 251.81516pt.

<./Figuras/tuerasmusPages/privatePages/uniResidencias.png, id=770, 444.91219pt 
x 508.14844pt>
File: ./Figuras/tuerasmusPages/privatePages/uniResidencias.png Graphic file (ty
pe png)
 <use ./Figuras/tuerasmusPages/privatePages/uniResidencias.png>
Package pdftex.def Info: ./Figuras/tuerasmusPages/privatePages/uniResidencias.p
ng used on input line 334.
(pdftex.def)             Requested size: 222.45554pt x 254.0736pt.

<./Figuras/tuerasmusPages/privatePages/uniAsignaturas.png, id=771, 435.87843pt 
x 505.13719pt>
File: ./Figuras/tuerasmusPages/privatePages/uniAsignaturas.png Graphic file (ty
pe png)
 <use ./Figuras/tuerasmusPages/privatePages/uniAsignaturas.png>
Package pdftex.def Info: ./Figuras/tuerasmusPages/privatePages/uniAsignaturas.p
ng used on input line 342.
(pdftex.def)             Requested size: 217.93867pt x 252.56798pt.

<./Figuras/tuerasmusPages/privatePages/uniCiudades.png, id=772, 432.86719pt x 4
85.56406pt>
File: ./Figuras/tuerasmusPages/privatePages/uniCiudades.png Graphic file (type 
png)
 <use ./Figuras/tuerasmusPages/privatePages/uniCiudades.png>
Package pdftex.def Info: ./Figuras/tuerasmusPages/privatePages/uniCiudades.png 
used on input line 350.
(pdftex.def)             Requested size: 216.43306pt x 242.78143pt.

Underfull \hbox (badness 10000) in paragraph at lines 357--358

 []

[31 <C:/Users/b.rnik/Desktop/MemoriaPFC_mem_conBibliografia_01122014v1220h/Figu
ras/tuerasmusPages/privatePages/uniProfile.png>] [32 <C:/Users/b.rnik/Desktop/M
emoriaPFC_mem_conBibliografia_01122014v1220h/Figuras/tuerasmusPages/privatePage
s/uniInfo.png> <C:/Users/b.rnik/Desktop/MemoriaPFC_mem_conBibliografia_01122014
v1220h/Figuras/tuerasmusPages/privatePages/uniResidencias.png>] [33 <C:/Users/b
.rnik/Desktop/MemoriaPFC_mem_conBibliografia_01122014v1220h/Figuras/tuerasmusPa
ges/privatePages/uniAsignaturas.png> <C:/Users/b.rnik/Desktop/MemoriaPFC_mem_co
nBibliografia_01122014v1220h/Figuras/tuerasmusPages/privatePages/uniCiudades.pn
g>])
Underfull \hbox (badness 10000) in paragraph at lines 359--105

 []

[34]
(C:\Users\b.rnik\Desktop\MemoriaPFC_mem_conBibliografia_01122014v1220h\Capitulo
s\Despliegueyresultados.tex
Cap\IeC {\'\i }tulo 4.

Underfull \hbox (badness 10000) in paragraph at lines 2--3

 []


Underfull \hbox (badness 10000) in paragraph at lines 5--6

 []


Underfull \hbox (badness 10000) in paragraph at lines 8--9

 []


Underfull \hbox (badness 10000) in paragraph at lines 10--11

 []

<./Figuras/despliegue/localhost.jpg, id=802, 507.39563pt x 129.48375pt>
File: ./Figuras/despliegue/localhost.jpg Graphic file (type jpg)

<use ./Figuras/despliegue/localhost.jpg>
Package pdftex.def Info: ./Figuras/despliegue/localhost.jpg used on input line 
15.
(pdftex.def)             Requested size: 253.69719pt x 64.7417pt.

Underfull \hbox (badness 10000) in paragraph at lines 21--22

 []

[35


]
Underfull \hbox (badness 10000) in paragraph at lines 24--25

 []


Underfull \hbox (badness 10000) in paragraph at lines 26--27

 []

! Undefined control sequence.
<argument> 192.168.1.129:8000\tuerasmus 
                                        
l.28 ...r es \textit{192.168.1.129:8000\tuerasmus}
                                                  . En cambio, para acceder ...
The control sequence at the end of the top line
of your error message was never \def'ed. If you have
misspelled it (e.g., `\hobx'), type `I' and the correct
spelling (e.g., `I\hbox'). Otherwise just continue,
and I'll forget about whatever was undefined.

! Undefined control sequence.
<argument> 37.134.69.14:8000\tuerasmus 
                                       
l.28 ...er\'a \textit{37.134.69.14:8000\tuerasmus}
                                                  . Esta IP es la IP p\'ubli...
The control sequence at the end of the top line
of your error message was never \def'ed. If you have
misspelled it (e.g., `\hobx'), type `I' and the correct
spelling (e.g., `I\hbox'). Otherwise just continue,
and I'll forget about whatever was undefined.


Underfull \hbox (badness 10000) in paragraph at lines 28--29

 []


Underfull \hbox (badness 10000) in paragraph at lines 30--31

 []


Underfull \hbox (badness 10000) in paragraph at lines 33--34

 []

<./Figuras/despliegue/cuentaAlwaysdata.png, id=807, 776.9025pt x 370.38374pt>
File: ./Figuras/despliegue/cuentaAlwaysdata.png Graphic file (type png)

<use ./Figuras/despliegue/cuentaAlwaysdata.png>
Package pdftex.def Info: ./Figuras/despliegue/cuentaAlwaysdata.png used on inpu
t line 38.
(pdftex.def)             Requested size: 388.45029pt x 185.1914pt.

! Undefined control sequence.
<argument> ...tuerasmus@ssh.alwaysdata.com: \home 
                                                  \pfctuerasmus \mypfc 
l.44 ....alwaysdata.com: \home\pfctuerasmus\mypfc}
                                                  .\\
The control sequence at the end of the top line
of your error message was never \def'ed. If you have
misspelled it (e.g., `\hobx'), type `I' and the correct
spelling (e.g., `I\hbox'). Otherwise just continue,
and I'll forget about whatever was undefined.

! Undefined control sequence.
<argument> ...alwaysdata.com: \home \pfctuerasmus 
                                                  \mypfc 
l.44 ....alwaysdata.com: \home\pfctuerasmus\mypfc}
                                                  .\\
The control sequence at the end of the top line
of your error message was never \def'ed. If you have
misspelled it (e.g., `\hobx'), type `I' and the correct
spelling (e.g., `I\hbox'). Otherwise just continue,
and I'll forget about whatever was undefined.

! Undefined control sequence.
<argument> ...ata.com: \home \pfctuerasmus \mypfc 
                                                  
l.44 ....alwaysdata.com: \home\pfctuerasmus\mypfc}
                                                  .\\
The control sequence at the end of the top line
of your error message was never \def'ed. If you have
misspelled it (e.g., `\hobx'), type `I' and the correct
spelling (e.g., `I\hbox'). Otherwise just continue,
and I'll forget about whatever was undefined.


Underfull \hbox (badness 10000) in paragraph at lines 44--45

 []

[36 <C:/Users/b.rnik/Desktop/MemoriaPFC_mem_conBibliografia_01122014v1220h/Figu
ras/despliegue/localhost.jpg>]
Underfull \hbox (badness 10000) in paragraph at lines 46--47

 []

File: ./Figuras/despliegue/cuentaAlwaysdata.png Graphic file (type png)
<use ./Figuras/despliegue/cuentaAlwaysdata.png>
Package pdftex.def Info: ./Figuras/despliegue/cuentaAlwaysdata.png used on inpu
t line 51.
(pdftex.def)             Requested size: 388.45029pt x 185.1914pt.

Underfull \hbox (badness 10000) in paragraph at lines 57--58

 []

[37 <C:/Users/b.rnik/Desktop/MemoriaPFC_mem_conBibliografia_01122014v1220h/Figu
ras/despliegue/cuentaAlwaysdata.png>]
Underfull \hbox (badness 10000) in paragraph at lines 59--60

 []


Underfull \hbox (badness 10000) in paragraph at lines 62--63

 []


Underfull \hbox (badness 10000) in paragraph at lines 64--65

 []


Underfull \hbox (badness 10000) in paragraph at lines 66--67

 []


Underfull \hbox (badness 10000) in paragraph at lines 69--70

 []


Underfull \hbox (badness 10000) in paragraph at lines 71--72

 []


Underfull \hbox (badness 10000) in paragraph at lines 73--74

 []


Underfull \hbox (badness 10000) in paragraph at lines 75--76

 []

) [38] [39] [40

]
(C:\Users\b.rnik\Desktop\MemoriaPFC_mem_conBibliografia_01122014v1220h\Capitulo
s\Conclusiones.tex
Cap\IeC {\'\i }tulo 5.

Underfull \hbox (badness 10000) in paragraph at lines 2--3

 []


Underfull \hbox (badness 10000) in paragraph at lines 5--6

 []


Underfull \hbox (badness 10000) in paragraph at lines 8--9

 []


Underfull \hbox (badness 10000) in paragraph at lines 10--11

 []


Underfull \hbox (badness 10000) in paragraph at lines 13--14

 []


Underfull \vbox (badness 1092) has occurred while \output is active []

 [41

]
Underfull \hbox (badness 10000) in paragraph at lines 16--17

 []


Underfull \hbox (badness 10000) in paragraph at lines 19--20

 []


Underfull \hbox (badness 10000) in paragraph at lines 21--22

 []


Underfull \hbox (badness 10000) in paragraph at lines 24--25

 []


Underfull \hbox (badness 10000) in paragraph at lines 26--27

 []


Underfull \hbox (badness 10000) in paragraph at lines 29--30

 []

[42]
Underfull \hbox (badness 10000) in paragraph at lines 32--33

 []


Underfull \hbox (badness 10000) in paragraph at lines 35--36

 []


Underfull \hbox (badness 10000) in paragraph at lines 38--39

 []


Underfull \hbox (badness 10000) in paragraph at lines 40--41

 []


Underfull \hbox (badness 10000) in paragraph at lines 42--43

 []


Underfull \hbox (badness 10000) in paragraph at lines 44--45

 []

[43]
Underfull \hbox (badness 10000) in paragraph at lines 46--47

 []


Underfull \hbox (badness 10000) in paragraph at lines 49--50

 []

<./Figuras/diversasapps.jpg, id=846, 644.4075pt x 245.91875pt>
File: ./Figuras/diversasapps.jpg Graphic file (type jpg)

<use ./Figuras/diversasapps.jpg>
Package pdftex.def Info: ./Figuras/diversasapps.jpg used on input line 54.
(pdftex.def)             Requested size: 128.87921pt x 49.18288pt.

Underfull \hbox (badness 10000) in paragraph at lines 60--61

 []


Underfull \hbox (badness 10000) in paragraph at lines 62--63

 []


Underfull \hbox (badness 10000) in paragraph at lines 64--65

 []


Underfull \hbox (badness 10000) in paragraph at lines 67--68

 []

[44 <C:/Users/b.rnik/Desktop/MemoriaPFC_mem_conBibliografia_01122014v1220h/Figu
ras/diversasapps.jpg>]
Underfull \hbox (badness 10000) in paragraph at lines 69--70

 []


Underfull \hbox (badness 10000) in paragraph at lines 72--73

 []


Underfull \hbox (badness 10000) in paragraph at lines 74--75

 []


Underfull \hbox (badness 10000) in paragraph at lines 76--77

 []


Underfull \hbox (badness 10000) in paragraph at lines 78--79

 []


Underfull \hbox (badness 10000) in paragraph at lines 80--81

 []


Underfull \hbox (badness 10000) in paragraph at lines 82--83

 []

[45]
Underfull \hbox (badness 10000) in paragraph at lines 84--85

 []


Underfull \hbox (badness 10000) in paragraph at lines 86--87

 []

)
Underfull \hbox (badness 10000) in paragraph at lines 88--109

 []

[46] [47



] [48]
(C:\Users\b.rnik\Desktop\MemoriaPFC_mem_conBibliografia_01122014v1220h\Apendice
s\Apendice1.tex
Ap\'endice A.
) [49

] [50

]
(C:\Users\b.rnik\Desktop\MemoriaPFC_mem_conBibliografia_01122014v1220h\Apendice
s\Apendice2.tex
Ap\'endice B.

Underfull \hbox (badness 10000) in paragraph at lines 4--5

 []

)
Underfull \hbox (badness 10000) in paragraph at lines 6--124

 []

[51

] [52

]
(C:\Users\b.rnik\Desktop\MemoriaPFC_mem_conBibliografia_01122014v1220h\Apendice
s\Apendice3.tex
Ap\'endice C.

Underfull \hbox (badness 10000) in paragraph at lines 2--3

 []


Underfull \hbox (badness 1009) in paragraph at lines 6--7
\T1/cmr/m/n/10.95 SE EN-CUEN-TRA PRO-TE-GI-DA POR LA LEY ES-PA-ÑO-LA DE PRO-PIE
-DAD
 []


Underfull \hbox (badness 2744) in paragraph at lines 6--7
\T1/cmr/m/n/10.95 IN-TE-LEC-TUAL Y/O CUA-LES-QUIE-RA OTRAS NOR-MAS QUE RE-SUL-T
EN
 []


Underfull \hbox (badness 10000) in paragraph at lines 6--7

 []

[53

] [54]
Underfull \hbox (badness 10000) in paragraph at lines 40--41
[]\T1/cmr/m/n/10.95 Una de las li-cen-cias com-pa-ti-bles que apa-re-ce en
 []


Underfull \hbox (badness 1721) in paragraph at lines 40--41
\T1/cmr/m/n/10.95 http://creativecommons.org/compatiblelicenses y que ha si-do 
apro-ba-da
 []

[55] [56] [57] [58] [59]
Underfull \hbox (badness 10000) in paragraph at lines 114--115

 []


Underfull \hbox (badness 10000) in paragraph at lines 116--117

 []

) [60]
(C:\Users\b.rnik\Desktop\MemoriaPFC_mem_conBibliografia_01122014v1220h\memoPFC.
bbl) [61



] [62

]
(C:\Users\b.rnik\Desktop\MemoriaPFC_mem_conBibliografia_01122014v1220h\memoPFC.
lof [63

])
\tf@lof=\write5
 [64]
Package atveryend Info: Empty hook `BeforeClearDocument' on input line 173.
Package atveryend Info: Empty hook `AfterLastShipout' on input line 173.

(C:\Users\b.rnik\Desktop\MemoriaPFC_mem_conBibliografia_01122014v1220h\memoPFC.
aux)
Package atveryend Info: Executing hook `AtVeryEndDocument' on input line 173.
Package atveryend Info: Executing hook `AtEndAfterFileList' on input line 173.
Package rerunfilecheck Info: File `memoPFC.out' has not changed.
(rerunfilecheck)             Checksum: 7666EBBD8EF897EE557C2E0AB41DBE62;5214.


LaTeX Warning: There were multiply-defined labels.

Package atveryend Info: Empty hook `AtVeryVeryEnd' on input line 173.
 )
(\end occurred inside a group at level 2)

### simple group (level 2) entered at line 18 ({)
### simple group (level 1) entered at line 18 ({)
### bottom level 
Here is how much of TeX's memory you used:
 8968 strings out of 493921
 138422 string characters out of 3147278
 211323 words of memory out of 3000000
 11715 multiletter control sequences out of 15000+200000
 34511 words of font info for 79 fonts, out of 3000000 for 9000
 841 hyphenation exceptions out of 8191
 36i,11n,43p,1516b,846s stack positions out of 5000i,500n,10000p,200000b,50000s
 <C:\Users\b.rnik\AppData\Local\MiKTeX\2.9\fonts\pk\ljfour\jkna
ppen\ec\dpi600\ecbi1095.pk> <C:\Users\b.rnik\AppData\Local\MiKTeX\2.9\fonts\pk\
ljfour\jknappen\ec\dpi600\ecti1000.pk> <C:\Users\b.rnik\AppData\Local\MiKTeX\2.
9\fonts\pk\ljfour\jknappen\ec\dpi600\ecrm1000.pk> <C:\Users\b.rnik\AppData\Loca
l\MiKTeX\2.9\fonts\pk\ljfour\jknappen\ec\dpi600\ecbx1000.pk> <C:\Users\b.rnik\A
ppData\Local\MiKTeX\2.9\fonts\pk\ljfour\jknappen\ec\dpi600\ecxc1200.pk> <C:\Use
rs\b.rnik\AppData\Local\MiKTeX\2.9\fonts\pk\ljfour\jknappen\ec\dpi600\ecti0900.
pk> <C:\Users\b.rnik\AppData\Local\MiKTeX\2.9\fonts\pk\ljfour\jknappen\ec\dpi60
0\ecrm0900.pk> <C:\Users\b.rnik\AppData\Local\MiKTeX\2.9\fonts\pk\ljfour\jknapp
en\ec\dpi600\ecrm0600.pk> <C:\Users\b.rnik\AppData\Local\MiKTeX\2.9\fonts\pk\lj
four\jknappen\ec\dpi600\ecrm0800.pk> <C:\Users\b.rnik\AppData\Local\MiKTeX\2.9\
fonts\pk\ljfour\jknappen\ec\dpi600\eccc0900.pk> <C:\Users\b.rnik\AppData\Local\
MiKTeX\2.9\fonts\pk\ljfour\jknappen\ec\dpi600\ecxc1095.pk> <C:\Users\b.rnik\App
Data\Local\MiKTeX\2.9\fonts\pk\ljfour\jknappen\ec\dpi600\ecbx1095.pk> <C:\Users
\b.rnik\AppData\Local\MiKTeX\2.9\fonts\pk\ljfour\jknappen\ec\dpi600\ecbx2488.pk
> <C:\Users\b.rnik\AppData\Local\MiKTeX\2.9\fonts\pk\ljfour\jknappen\ec\dpi600\
ecti1095.pk> <C:\Users\b.rnik\AppData\Local\MiKTeX\2.9\fonts\pk\ljfour\jknappen
\ec\dpi600\ectt1095.pk> <C:\Users\b.rnik\AppData\Local\MiKTeX\2.9\fonts\pk\ljfo
ur\jknappen\ec\dpi600\eccc1095.pk> <C:\Users\b.rnik\AppData\Local\MiKTeX\2.9\fo
nts\pk\ljfour\jknappen\ec\dpi600\ecrm1095.pk> <C:\Users\b.rnik\AppData\Local\Mi
KTeX\2.9\fonts\pk\ljfour\jknappen\ec\dpi600\eccc1200.pk> <C:\Users\b.rnik\AppDa
ta\Local\MiKTeX\2.9\fonts\pk\ljfour\jknappen\ec\dpi600\ecrm1200.pk> <C:\Users\b
.rnik\AppData\Local\MiKTeX\2.9\fonts\pk\ljfour\jknappen\ec\dpi600\ecxc1440.pk> 
<C:\Users\b.rnik\AppData\Local\MiKTeX\2.9\fonts\pk\ljfour\jknappen\ec\dpi600\ec
bx1200.pk> <C:\Users\b.rnik\AppData\Local\MiKTeX\2.9\fonts\pk\ljfour\jknappen\e
c\dpi600\ecbx1728.pk> <C:\Users\b.rnik\AppData\Local\MiKTeX\2.9\fonts\pk\ljfour
\jknappen\ec\dpi600\ecxc2488.pk> <C:\Users\b.rnik\AppData\Local\MiKTeX\2.9\font
s\pk\ljfour\jknappen\ec\dpi600\ecxc1728.pk> <C:\Users\b.rnik\AppData\Local\MiKT
eX\2.9\fonts\pk\ljfour\jknappen\ec\dpi600\ecxc2074.pk><C:/Program Files/MiKTeX 
2.9/fonts/type1/public/amsfonts/cm/cmsy10.pfb>
Output written on memoPFC.pdf (86 pages, 5067216 bytes).
PDF statistics:
 2034 PDF objects out of 2073 (max. 8388607)
 291 named destinations out of 1000 (max. 500000)
 797 words of extra memory for PDF output out of 10000 (max. 10000000)

